{"/Users/matthiasheintze/sck_1/apps/web/app/onboarding/WelcomeStep.tsx": {"path":"/Users/matthiasheintze/sck_1/apps/web/app/onboarding/WelcomeStep.tsx","statementMap":{"0":{"start":{"line":22,"column":32},"end":{"line":22,"column":47}},"1":{"start":{"line":23,"column":16},"end":{"line":23,"column":64}},"2":{"start":{"line":25,"column":2},"end":{"line":75,"column":4}},"3":{"start":{"line":36,"column":27},"end":{"line":36,"column":53}},"4":{"start":{"line":37,"column":26},"end":{"line":37,"column":42}},"5":{"start":{"line":49,"column":27},"end":{"line":49,"column":58}},"6":{"start":{"line":50,"column":26},"end":{"line":50,"column":42}},"7":{"start":{"line":62,"column":27},"end":{"line":62,"column":60}}},"fnMap":{"0":{"name":"WelcomeStep","decl":{"start":{"line":13,"column":24},"end":{"line":13,"column":35}},"loc":{"start":{"line":21,"column":21},"end":{"line":76,"column":1}},"line":21},"1":{"name":"(anonymous_1)","decl":{"start":{"line":36,"column":22},"end":{"line":36,"column":23}},"loc":{"start":{"line":36,"column":27},"end":{"line":36,"column":53}},"line":36},"2":{"name":"(anonymous_2)","decl":{"start":{"line":37,"column":20},"end":{"line":37,"column":21}},"loc":{"start":{"line":37,"column":26},"end":{"line":37,"column":42}},"line":37},"3":{"name":"(anonymous_3)","decl":{"start":{"line":49,"column":22},"end":{"line":49,"column":23}},"loc":{"start":{"line":49,"column":27},"end":{"line":49,"column":58}},"line":49},"4":{"name":"(anonymous_4)","decl":{"start":{"line":50,"column":20},"end":{"line":50,"column":21}},"loc":{"start":{"line":50,"column":26},"end":{"line":50,"column":42}},"line":50},"5":{"name":"(anonymous_5)","decl":{"start":{"line":62,"column":22},"end":{"line":62,"column":23}},"loc":{"start":{"line":62,"column":27},"end":{"line":62,"column":60}},"line":62}},"branchMap":{"0":{"loc":{"start":{"line":23,"column":16},"end":{"line":23,"column":64}},"type":"binary-expr","locations":[{"start":{"line":23,"column":16},"end":{"line":23,"column":30}},{"start":{"line":23,"column":34},"end":{"line":23,"column":64}}],"line":23},"1":{"loc":{"start":{"line":41,"column":11},"end":{"line":41,"column":117}},"type":"binary-expr","locations":[{"start":{"line":41,"column":11},"end":{"line":41,"column":18}},{"start":{"line":41,"column":22},"end":{"line":41,"column":37}},{"start":{"line":41,"column":41},"end":{"line":41,"column":117}}],"line":41},"2":{"loc":{"start":{"line":55,"column":11},"end":{"line":55,"column":124}},"type":"binary-expr","locations":[{"start":{"line":55,"column":11},"end":{"line":55,"column":18}},{"start":{"line":55,"column":22},"end":{"line":55,"column":53}},{"start":{"line":55,"column":57},"end":{"line":55,"column":124}}],"line":55}},"s":{"0":8,"1":8,"2":8,"3":1,"4":1,"5":1,"6":1,"7":1},"f":{"0":8,"1":1,"2":1,"3":1,"4":1,"5":1},"b":{"0":[8,2],"1":[8,2,2],"2":[8,2,2]},"_coverageSchema":"1a1c01bbd47fc00a2c39e90264f33305004495a9","hash":"f34f198bef7cb2de42686b4bc116b2d1f80ed489"}
}
