TN:
SF:app/onboarding/WelcomeStep.tsx
FN:13,WelcomeStep
FN:36,(anonymous_1)
FN:37,(anonymous_2)
FN:49,(anonymous_3)
FN:50,(anonymous_4)
FN:62,(anonymous_5)
FNF:6
FNH:6
FNDA:8,WelcomeStep
FNDA:1,(anonymous_1)
FNDA:1,(anonymous_2)
FNDA:1,(anonymous_3)
FNDA:1,(anonymous_4)
FNDA:1,(anonymous_5)
DA:22,8
DA:23,8
DA:25,8
DA:36,1
DA:37,1
DA:49,1
DA:50,1
DA:62,1
LF:8
LH:8
BRDA:23,0,0,8
BRDA:23,0,1,2
BRDA:41,1,0,8
BRDA:41,1,1,2
BRDA:41,1,2,2
BRDA:55,2,0,8
BRDA:55,2,1,2
BRDA:55,2,2,2
BRF:8
BRH:8
end_of_record
